{"C:\\Users\\renan\\OneDrive\\Documentos\\FACULDADE\\Tech Challenge 2\\Back-end\\src\\index.ts": {"path":"C:\\Users\\renan\\OneDrive\\Documentos\\FACULDADE\\Tech Challenge 2\\Back-end\\src\\index.ts","statementMap":{"0":{"start":{"line":1,"column":0},"end":{"line":1,"column":32}},"1":{"start":{"line":2,"column":0},"end":{"line":2,"column":43}},"2":{"start":{"line":3,"column":0},"end":{"line":3,"column":30}},"3":{"start":{"line":4,"column":0},"end":{"line":4,"column":45}},"4":{"start":{"line":6,"column":12},"end":{"line":6,"column":21}},"5":{"start":{"line":16,"column":9},"end":{"line":16,"column":12}},"6":{"start":{"line":8,"column":0},"end":{"line":11,"column":38}},"7":{"start":{"line":10,"column":14},"end":{"line":10,"column":46}},"8":{"start":{"line":11,"column":18},"end":{"line":11,"column":36}},"9":{"start":{"line":13,"column":0},"end":{"line":13,"column":70}},"10":{"start":{"line":13,"column":23},"end":{"line":13,"column":68}},"11":{"start":{"line":14,"column":0},"end":{"line":14,"column":28}}},"fnMap":{"0":{"name":"(anonymous_1)","decl":{"start":{"line":10,"column":8},"end":{"line":10,"column":11}},"loc":{"start":{"line":10,"column":14},"end":{"line":10,"column":46}}},"1":{"name":"(anonymous_2)","decl":{"start":{"line":11,"column":9},"end":{"line":11,"column":10}},"loc":{"start":{"line":11,"column":18},"end":{"line":11,"column":36}}},"2":{"name":"(anonymous_3)","decl":{"start":{"line":13,"column":17},"end":{"line":13,"column":20}},"loc":{"start":{"line":13,"column":23},"end":{"line":13,"column":68}}}},"branchMap":{},"s":{"0":1,"1":1,"2":1,"3":1,"4":1,"5":1,"6":1,"7":0,"8":0,"9":1,"10":1,"11":1},"f":{"0":0,"1":0,"2":1},"b":{}}
,"C:\\Users\\renan\\OneDrive\\Documentos\\FACULDADE\\Tech Challenge 2\\Back-end\\src\\config\\index.ts": {"path":"C:\\Users\\renan\\OneDrive\\Documentos\\FACULDADE\\Tech Challenge 2\\Back-end\\src\\config\\index.ts","statementMap":{"0":{"start":{"line":1,"column":0},"end":{"line":1,"column":28}},"1":{"start":{"line":2,"column":0},"end":{"line":2,"column":16}},"2":{"start":{"line":3,"column":13},"end":{"line":3,"column":45}},"3":{"start":{"line":4,"column":13},"end":{"line":4,"column":48}},"4":{"start":{"line":5,"column":13},"end":{"line":5,"column":50}}},"fnMap":{},"branchMap":{"0":{"loc":{"start":{"line":3,"column":20},"end":{"line":3,"column":44}},"type":"binary-expr","locations":[{"start":{"line":3,"column":20},"end":{"line":3,"column":36}},{"start":{"line":3,"column":40},"end":{"line":3,"column":44}}]}},"s":{"0":1,"1":1,"2":1,"3":1,"4":1},"f":{},"b":{"0":[1,0]}}
,"C:\\Users\\renan\\OneDrive\\Documentos\\FACULDADE\\Tech Challenge 2\\Back-end\\src\\controllers\\postController.ts": {"path":"C:\\Users\\renan\\OneDrive\\Documentos\\FACULDADE\\Tech Challenge 2\\Back-end\\src\\controllers\\postController.ts","statementMap":{"0":{"start":{"line":4,"column":0},"end":{"line":4,"column":22}},"1":{"start":{"line":13,"column":0},"end":{"line":13,"column":22}},"2":{"start":{"line":24,"column":0},"end":{"line":24,"column":22}},"3":{"start":{"line":38,"column":0},"end":{"line":38,"column":22}},"4":{"start":{"line":50,"column":0},"end":{"line":50,"column":22}},"5":{"start":{"line":2,"column":0},"end":{"line":2,"column":55}},"6":{"start":{"line":5,"column":2},"end":{"line":10,"column":3}},"7":{"start":{"line":6,"column":18},"end":{"line":6,"column":56}},"8":{"start":{"line":7,"column":4},"end":{"line":7,"column":20}},"9":{"start":{"line":9,"column":4},"end":{"line":9,"column":62}},"10":{"start":{"line":14,"column":17},"end":{"line":14,"column":27}},"11":{"start":{"line":15,"column":2},"end":{"line":21,"column":3}},"12":{"start":{"line":16,"column":17},"end":{"line":16,"column":57}},"13":{"start":{"line":17,"column":4},"end":{"line":17,"column":79}},"14":{"start":{"line":17,"column":15},"end":{"line":17,"column":79}},"15":{"start":{"line":18,"column":4},"end":{"line":18,"column":19}},"16":{"start":{"line":20,"column":4},"end":{"line":20,"column":61}},"17":{"start":{"line":25,"column":2},"end":{"line":35,"column":3}},"18":{"start":{"line":26,"column":39},"end":{"line":26,"column":47}},"19":{"start":{"line":27,"column":20},"end":{"line":31,"column":6}},"20":{"start":{"line":32,"column":4},"end":{"line":32,"column":34}},"21":{"start":{"line":34,"column":4},"end":{"line":34,"column":60}},"22":{"start":{"line":39,"column":17},"end":{"line":39,"column":27}},"23":{"start":{"line":40,"column":2},"end":{"line":47,"column":3}},"24":{"start":{"line":41,"column":20},"end":{"line":41,"column":69}},"25":{"start":{"line":42,"column":4},"end":{"line":43,"column":70}},"26":{"start":{"line":43,"column":6},"end":{"line":43,"column":70}},"27":{"start":{"line":44,"column":4},"end":{"line":44,"column":22}},"28":{"start":{"line":46,"column":4},"end":{"line":46,"column":64}},"29":{"start":{"line":51,"column":17},"end":{"line":51,"column":27}},"30":{"start":{"line":52,"column":2},"end":{"line":57,"column":3}},"31":{"start":{"line":53,"column":4},"end":{"line":53,"column":44}},"32":{"start":{"line":54,"column":4},"end":{"line":54,"column":27}},"33":{"start":{"line":56,"column":4},"end":{"line":56,"column":62}}},"fnMap":{"0":{"name":"getAllPosts","decl":{"start":{"line":4,"column":22},"end":{"line":4,"column":33}},"loc":{"start":{"line":4,"column":61},"end":{"line":11,"column":null}}},"1":{"name":"getPostById","decl":{"start":{"line":13,"column":22},"end":{"line":13,"column":33}},"loc":{"start":{"line":13,"column":61},"end":{"line":22,"column":null}}},"2":{"name":"createPost","decl":{"start":{"line":24,"column":22},"end":{"line":24,"column":32}},"loc":{"start":{"line":24,"column":60},"end":{"line":36,"column":null}}},"3":{"name":"updatePost","decl":{"start":{"line":38,"column":22},"end":{"line":38,"column":32}},"loc":{"start":{"line":38,"column":60},"end":{"line":48,"column":null}}},"4":{"name":"deletePost","decl":{"start":{"line":50,"column":22},"end":{"line":50,"column":32}},"loc":{"start":{"line":50,"column":60},"end":{"line":58,"column":null}}}},"branchMap":{"0":{"loc":{"start":{"line":17,"column":4},"end":{"line":17,"column":79}},"type":"if","locations":[{"start":{"line":17,"column":4},"end":{"line":17,"column":79}},{"start":{},"end":{}}]},"1":{"loc":{"start":{"line":42,"column":4},"end":{"line":43,"column":70}},"type":"if","locations":[{"start":{"line":42,"column":4},"end":{"line":43,"column":70}},{"start":{},"end":{}}]}},"s":{"0":1,"1":1,"2":1,"3":1,"4":1,"5":1,"6":1,"7":1,"8":0,"9":0,"10":0,"11":0,"12":0,"13":0,"14":0,"15":0,"16":0,"17":0,"18":0,"19":0,"20":0,"21":0,"22":0,"23":0,"24":0,"25":0,"26":0,"27":0,"28":0,"29":0,"30":0,"31":0,"32":0,"33":0},"f":{"0":1,"1":0,"2":0,"3":0,"4":0},"b":{"0":[0,0],"1":[0,0]}}
,"C:\\Users\\renan\\OneDrive\\Documentos\\FACULDADE\\Tech Challenge 2\\Back-end\\src\\middlewares\\auth.ts": {"path":"C:\\Users\\renan\\OneDrive\\Documentos\\FACULDADE\\Tech Challenge 2\\Back-end\\src\\middlewares\\auth.ts","statementMap":{"0":{"start":{"line":2,"column":0},"end":{"line":2,"column":31}},"1":{"start":{"line":3,"column":0},"end":{"line":3,"column":39}},"2":{"start":{"line":5,"column":44},"end":{"line":20,"column":2}},"3":{"start":{"line":5,"column":69},"end":{"line":20,"column":2}},"4":{"start":{"line":6,"column":16},"end":{"line":6,"column":67}},"5":{"start":{"line":7,"column":2},"end":{"line":10,"column":3}},"6":{"start":{"line":8,"column":4},"end":{"line":8,"column":55}},"7":{"start":{"line":9,"column":4},"end":{"line":9,"column":11}},"8":{"start":{"line":12,"column":2},"end":{"line":19,"column":3}},"9":{"start":{"line":13,"column":20},"end":{"line":13,"column":49}},"10":{"start":{"line":14,"column":5},"end":{"line":14,"column":32}},"11":{"start":{"line":15,"column":4},"end":{"line":15,"column":18}},"12":{"start":{"line":17,"column":4},"end":{"line":17,"column":55}},"13":{"start":{"line":18,"column":4},"end":{"line":18,"column":11}},"14":{"start":{"line":5,"column":13},"end":{"line":5,"column":44}}},"fnMap":{"0":{"name":"(anonymous_8)","decl":{"start":{"line":5,"column":44},"end":{"line":5,"column":51}},"loc":{"start":{"line":5,"column":69},"end":{"line":20,"column":2}}},"1":{"name":"(anonymous_9)","decl":{"start":{"line":5,"column":69},"end":{"line":5,"column":null}},"loc":{"start":{"line":5,"column":69},"end":{"line":20,"column":1}}}},"branchMap":{"0":{"loc":{"start":{"line":6,"column":16},"end":{"line":6,"column":67}},"type":"cond-expr","locations":[{"start":{"line":6,"column":43},"end":{"line":6,"column":45}},{"start":{"line":6,"column":43},"end":{"line":6,"column":67}}]},"1":{"loc":{"start":{"line":6,"column":16},"end":{"line":6,"column":45}},"type":"binary-expr","locations":[{"start":{"line":6,"column":16},"end":{"line":6,"column":45}},{"start":{"line":6,"column":43},"end":{"line":6,"column":45}}]},"2":{"loc":{"start":{"line":7,"column":2},"end":{"line":10,"column":3}},"type":"if","locations":[{"start":{"line":7,"column":2},"end":{"line":10,"column":3}},{"start":{},"end":{}}]}},"s":{"0":1,"1":1,"2":1,"3":0,"4":0,"5":0,"6":0,"7":0,"8":0,"9":0,"10":0,"11":0,"12":0,"13":0,"14":1},"f":{"0":0,"1":0},"b":{"0":[0,0],"1":[0,0],"2":[0,0]}}
,"C:\\Users\\renan\\OneDrive\\Documentos\\FACULDADE\\Tech Challenge 2\\Back-end\\src\\models\\Post.ts": {"path":"C:\\Users\\renan\\OneDrive\\Documentos\\FACULDADE\\Tech Challenge 2\\Back-end\\src\\models\\Post.ts","statementMap":{"0":{"start":{"line":1,"column":0},"end":{"line":1,"column":51}},"1":{"start":{"line":11,"column":19},"end":{"line":15,"column":24}},"2":{"start":{"line":17,"column":13},"end":{"line":17,"column":53}}},"fnMap":{},"branchMap":{},"s":{"0":1,"1":1,"2":1},"f":{},"b":{}}
,"C:\\Users\\renan\\OneDrive\\Documentos\\FACULDADE\\Tech Challenge 2\\Back-end\\src\\routes\\postRoutes.ts": {"path":"C:\\Users\\renan\\OneDrive\\Documentos\\FACULDADE\\Tech Challenge 2\\Back-end\\src\\routes\\postRoutes.ts","statementMap":{"0":{"start":{"line":1,"column":0},"end":{"line":1,"column":33}},"1":{"start":{"line":2,"column":0},"end":{"line":2,"column":51}},"2":{"start":{"line":3,"column":0},"end":{"line":3,"column":53}},"3":{"start":{"line":4,"column":0},"end":{"line":4,"column":64}},"4":{"start":{"line":6,"column":15},"end":{"line":6,"column":23}},"5":{"start":{"line":7,"column":0},"end":{"line":7,"column":63}},"6":{"start":{"line":8,"column":0},"end":{"line":8,"column":67}},"7":{"start":{"line":9,"column":0},"end":{"line":9,"column":77}},"8":{"start":{"line":10,"column":0},"end":{"line":10,"column":80}},"9":{"start":{"line":11,"column":0},"end":{"line":11,"column":83}},"10":{"start":{"line":13,"column":0},"end":{"line":13,"column":22}}},"fnMap":{},"branchMap":{},"s":{"0":1,"1":1,"2":1,"3":1,"4":1,"5":1,"6":1,"7":1,"8":1,"9":1,"10":1},"f":{},"b":{}}
,"C:\\Users\\renan\\OneDrive\\Documentos\\FACULDADE\\Tech Challenge 2\\Back-end\\src\\services\\postService.ts": {"path":"C:\\Users\\renan\\OneDrive\\Documentos\\FACULDADE\\Tech Challenge 2\\Back-end\\src\\services\\postService.ts","statementMap":{"0":{"start":{"line":3,"column":0},"end":{"line":3,"column":22}},"1":{"start":{"line":7,"column":0},"end":{"line":7,"column":22}},"2":{"start":{"line":11,"column":0},"end":{"line":11,"column":22}},"3":{"start":{"line":20,"column":0},"end":{"line":20,"column":22}},"4":{"start":{"line":27,"column":0},"end":{"line":27,"column":22}},"5":{"start":{"line":1,"column":0},"end":{"line":1,"column":45}},"6":{"start":{"line":4,"column":2},"end":{"line":4,"column":52}},"7":{"start":{"line":8,"column":2},"end":{"line":8,"column":34}},"8":{"start":{"line":16,"column":15},"end":{"line":16,"column":29}},"9":{"start":{"line":17,"column":2},"end":{"line":17,"column":21}},"10":{"start":{"line":24,"column":2},"end":{"line":24,"column":64}},"11":{"start":{"line":28,"column":2},"end":{"line":28,"column":43}}},"fnMap":{"0":{"name":"getAllPostsService","decl":{"start":{"line":3,"column":22},"end":{"line":3,"column":40}},"loc":{"start":{"line":3,"column":40},"end":{"line":5,"column":null}}},"1":{"name":"getPostByIdService","decl":{"start":{"line":7,"column":22},"end":{"line":7,"column":40}},"loc":{"start":{"line":7,"column":51},"end":{"line":9,"column":null}}},"2":{"name":"createPostService","decl":{"start":{"line":11,"column":22},"end":{"line":11,"column":39}},"loc":{"start":{"line":15,"column":1},"end":{"line":18,"column":null}}},"3":{"name":"updatePostService","decl":{"start":{"line":20,"column":22},"end":{"line":20,"column":39}},"loc":{"start":{"line":22,"column":51},"end":{"line":25,"column":null}}},"4":{"name":"deletePostService","decl":{"start":{"line":27,"column":22},"end":{"line":27,"column":39}},"loc":{"start":{"line":27,"column":50},"end":{"line":29,"column":null}}}},"branchMap":{},"s":{"0":1,"1":1,"2":1,"3":1,"4":1,"5":1,"6":1,"7":0,"8":0,"9":0,"10":0,"11":0},"f":{"0":1,"1":0,"2":0,"3":0,"4":0},"b":{}}
,"C:\\Users\\renan\\OneDrive\\Documentos\\FACULDADE\\Tech Challenge 2\\Back-end\\src\\utils\\asyncHandler.ts": {"path":"C:\\Users\\renan\\OneDrive\\Documentos\\FACULDADE\\Tech Challenge 2\\Back-end\\src\\utils\\asyncHandler.ts","statementMap":{"0":{"start":{"line":4,"column":2},"end":{"line":5,"column":51}},"1":{"start":{"line":4,"column":20},"end":{"line":5,"column":51}},"2":{"start":{"line":5,"column":4},"end":{"line":5,"column":51}},"3":{"start":{"line":3,"column":13},"end":{"line":3,"column":null}}},"fnMap":{"0":{"name":"(anonymous_0)","decl":{"start":{"line":4,"column":2},"end":{"line":4,"column":3}},"loc":{"start":{"line":4,"column":20},"end":{"line":5,"column":51}}},"1":{"name":"(anonymous_1)","decl":{"start":{"line":4,"column":20},"end":{"line":4,"column":21}},"loc":{"start":{"line":5,"column":4},"end":{"line":5,"column":51}}}},"branchMap":{},"s":{"0":1,"1":5,"2":1,"3":1},"f":{"0":5,"1":1},"b":{}}
}
