TN:
SF:src\index.ts
FN:10,(anonymous_1)
FN:11,(anonymous_2)
FN:13,(anonymous_3)
FNF:3
FNH:1
FNDA:0,(anonymous_1)
FNDA:0,(anonymous_2)
FNDA:1,(anonymous_3)
DA:1,1
DA:2,1
DA:3,1
DA:4,1
DA:6,1
DA:8,1
DA:10,0
DA:11,0
DA:13,1
DA:14,1
DA:16,1
LF:11
LH:9
BRF:0
BRH:0
end_of_record
TN:
SF:src\config\index.ts
FNF:0
FNH:0
DA:1,1
DA:2,1
DA:3,1
DA:4,1
DA:5,1
LF:5
LH:5
BRDA:3,0,0,1
BRDA:3,0,1,0
BRF:2
BRH:1
end_of_record
TN:
SF:src\controllers\postController.ts
FN:4,getAllPosts
FN:13,getPostById
FN:24,createPost
FN:38,updatePost
FN:50,deletePost
FNF:5
FNH:1
FNDA:1,getAllPosts
FNDA:0,getPostById
FNDA:0,createPost
FNDA:0,updatePost
FNDA:0,deletePost
DA:2,1
DA:4,1
DA:5,1
DA:6,1
DA:7,0
DA:9,0
DA:13,1
DA:14,0
DA:15,0
DA:16,0
DA:17,0
DA:18,0
DA:20,0
DA:24,1
DA:25,0
DA:26,0
DA:27,0
DA:32,0
DA:34,0
DA:38,1
DA:39,0
DA:40,0
DA:41,0
DA:42,0
DA:43,0
DA:44,0
DA:46,0
DA:50,1
DA:51,0
DA:52,0
DA:53,0
DA:54,0
DA:56,0
LF:33
LH:8
BRDA:17,0,0,0
BRDA:17,0,1,0
BRDA:42,1,0,0
BRDA:42,1,1,0
BRF:4
BRH:0
end_of_record
TN:
SF:src\middlewares\auth.ts
FN:5,(anonymous_8)
FN:5,(anonymous_9)
FNF:2
FNH:0
FNDA:0,(anonymous_8)
FNDA:0,(anonymous_9)
DA:2,1
DA:3,1
DA:5,1
DA:6,0
DA:7,0
DA:8,0
DA:9,0
DA:12,0
DA:13,0
DA:14,0
DA:15,0
DA:17,0
DA:18,0
LF:13
LH:3
BRDA:6,0,0,0
BRDA:6,0,1,0
BRDA:6,1,0,0
BRDA:6,1,1,0
BRDA:7,2,0,0
BRDA:7,2,1,0
BRF:6
BRH:0
end_of_record
TN:
SF:src\models\Post.ts
FNF:0
FNH:0
DA:1,1
DA:11,1
DA:17,1
LF:3
LH:3
BRF:0
BRH:0
end_of_record
TN:
SF:src\routes\postRoutes.ts
FNF:0
FNH:0
DA:1,1
DA:2,1
DA:3,1
DA:4,1
DA:6,1
DA:7,1
DA:8,1
DA:9,1
DA:10,1
DA:11,1
DA:13,1
LF:11
LH:11
BRF:0
BRH:0
end_of_record
TN:
SF:src\services\postService.ts
FN:3,getAllPostsService
FN:7,getPostByIdService
FN:11,createPostService
FN:20,updatePostService
FN:27,deletePostService
FNF:5
FNH:1
FNDA:1,getAllPostsService
FNDA:0,getPostByIdService
FNDA:0,createPostService
FNDA:0,updatePostService
FNDA:0,deletePostService
DA:1,1
DA:3,1
DA:4,1
DA:7,1
DA:8,0
DA:11,1
DA:16,0
DA:17,0
DA:20,1
DA:24,0
DA:27,1
DA:28,0
LF:12
LH:7
BRF:0
BRH:0
end_of_record
TN:
SF:src\utils\asyncHandler.ts
FN:4,(anonymous_0)
FN:4,(anonymous_1)
FNF:2
FNH:2
FNDA:5,(anonymous_0)
FNDA:1,(anonymous_1)
DA:3,1
DA:4,5
DA:5,1
LF:3
LH:3
BRF:0
BRH:0
end_of_record
